Using pre-set license
Built from '2020.3/release' branch; Version is '2020.3.1f1 (77a89f25062f) revision 7841951'; Using compiler version '192528614'; Build Type 'Release'
OS: 'Windows 10 Pro; OS build 19041.330; Version 2004; 64bit' Language: 'ru' Physical Memory: 32710 MB
BatchMode: 1, IsHumanControllingUs: 0, StartBugReporterOnCrash: 0, Is64bit: 1, IsPro: 0

 COMMAND LINE ARGUMENTS:
C:\Program Files\Unity\Hub\Editor\2020.3.1f1\Editor\Unity.exe
-adb2
-batchMode
-noUpm
-name
AssetImportWorker0
-projectPath
C:/Users/Syberia-11/Desktop/Snake
-logFile
Logs/AssetImportWorker0.log
-srvPort
62534
Successfully changed project path to: C:/Users/Syberia-11/Desktop/Snake
C:/Users/Syberia-11/Desktop/Snake
Using Asset Import Pipeline V2.
Refreshing native plugins compatible for Editor in 20.92 ms, found 0 plugins.
Preloading 0 native plugins for Editor in 0.00 ms.
Initialize engine version: 2020.3.1f1 (77a89f25062f)
[Subsystems] Discovering subsystems at path C:/Program Files/Unity/Hub/Editor/2020.3.1f1/Editor/Data/Resources/UnitySubsystems
[Subsystems] Discovering subsystems at path C:/Users/Syberia-11/Desktop/Snake/Assets
GfxDevice: creating device client; threaded=0
Direct3D:
    Version:  Direct3D 11.0 [level 11.1]
    Renderer: NVIDIA GeForce RTX 2060 (ID=0x1e89)
    Vendor:   
    VRAM:     5967 MB
    Driver:   27.21.14.5206
Initialize mono
Mono path[0] = 'C:/Program Files/Unity/Hub/Editor/2020.3.1f1/Editor/Data/Managed'
Mono path[1] = 'C:/Program Files/Unity/Hub/Editor/2020.3.1f1/Editor/Data/MonoBleedingEdge/lib/mono/unityjit'
Mono config path = 'C:/Program Files/Unity/Hub/Editor/2020.3.1f1/Editor/Data/MonoBleedingEdge/etc'
Using monoOptions --debugger-agent=transport=dt_socket,embedding=1,server=y,suspend=n,address=127.0.0.1:56860
Begin MonoManager ReloadAssembly
Registering precompiled unity dll's ...
Register platform support module: C:/Program Files/Unity/Hub/Editor/2020.3.1f1/Editor/Data/PlaybackEngines/WindowsStandaloneSupport/UnityEditor.WindowsStandalone.Extensions.dll
Registered in 0.000864 seconds.
Native extension for WindowsStandalone target not found
Refreshing native plugins compatible for Editor in 21.22 ms, found 0 plugins.
Preloading 0 native plugins for Editor in 0.00 ms.
Invoked RoslynAnalysisRunner static constructor.
RoslynAnalysisRunner will not be running.
RoslynAnalysisRunner has terminated.
Mono: successfully reloaded assembly
- Completed reload, in  1.537 seconds
Platform modules already initialized, skipping
Registering precompiled user dll's ...
Registered in 0.000366 seconds.
Begin MonoManager ReloadAssembly
Native extension for WindowsStandalone target not found
Refreshing native plugins compatible for Editor in 0.20 ms, found 0 plugins.
Preloading 0 native plugins for Editor in 0.00 ms.
Invoked RoslynAnalysisRunner static constructor.
RoslynAnalysisRunner will not be running.
RoslynAnalysisRunner has terminated.
Mono: successfully reloaded assembly
- Completed reload, in  0.744 seconds
Platform modules already initialized, skipping
========================================================================
Worker process is ready to serve import requests
Launched and connected shader compiler UnityShaderCompiler.exe after 0.03 seconds
Refreshing native plugins compatible for Editor in 0.22 ms, found 0 plugins.
Preloading 0 native plugins for Editor in 0.00 ms.
Unloading 1117 Unused Serialized files (Serialized files now loaded: 0)
System memory in use before: 57.0 MB.
System memory in use after: 57.1 MB.

Unloading 10 unused Assets to reduce memory usage. Loaded Objects now: 1558.
Total: 1.901300 ms (FindLiveObjects: 0.256700 ms CreateObjectMapping: 0.039900 ms MarkObjects: 1.527300 ms  DeleteObjects: 0.072100 ms)

========================================================================
Received Import Request.
  path: Assets/SimpleCharacterController.cs
  artifactKey: Guid(67c523a4e7a25c94fbfe3f6df5690902) Importer(815301076,1909f56bfc062723c751e8b465ee728b)
Start importing Assets/SimpleCharacterController.cs using Guid(67c523a4e7a25c94fbfe3f6df5690902) Importer(815301076,1909f56bfc062723c751e8b465ee728b)  -> (artifact id: '37223a1cb27353b97d7b0dea74c414cb') in 0.020027 seconds
  Import took 0.021745 seconds .

========================================================================
Received Import Request.
  Time since last request: 0.311848 seconds.
  path: Assets/CharacterController.cs
  artifactKey: Guid(dca6c15a329f274498bff1c676825006) Importer(815301076,1909f56bfc062723c751e8b465ee728b)
Start importing Assets/CharacterController.cs using Guid(dca6c15a329f274498bff1c676825006) Importer(815301076,1909f56bfc062723c751e8b465ee728b)  -> (artifact id: '1db44a36635df8f557a24b940e19f141') in 0.001081 seconds
  Import took 0.002927 seconds .

========================================================================
Received Import Request.
  Time since last request: 0.001184 seconds.
  path: Assets/CharacterController.cs
  artifactKey: Guid(dca6c15a329f274498bff1c676825006) Importer(815301076,1909f56bfc062723c751e8b465ee728b)
Start importing Assets/CharacterController.cs using Guid(dca6c15a329f274498bff1c676825006) Importer(815301076,1909f56bfc062723c751e8b465ee728b)  -> (artifact id: '1db44a36635df8f557a24b940e19f141') in 0.000875 seconds
  Import took 0.002489 seconds .

========================================================================
Received Import Request.
  Time since last request: 10.371875 seconds.
  path: Assets/CameraMover.cs
  artifactKey: Guid(1ca89cfdc3cbb714081f72b3b3c386a0) Importer(815301076,1909f56bfc062723c751e8b465ee728b)
Start importing Assets/CameraMover.cs using Guid(1ca89cfdc3cbb714081f72b3b3c386a0) Importer(815301076,1909f56bfc062723c751e8b465ee728b)  -> (artifact id: 'cf62a5e14ec188d879b8062c66bc27da') in 0.001265 seconds
  Import took 0.003406 seconds .

========================================================================
Received Import Request.
  Time since last request: 0.005748 seconds.
  path: Assets/CameraMover.cs
  artifactKey: Guid(1ca89cfdc3cbb714081f72b3b3c386a0) Importer(815301076,1909f56bfc062723c751e8b465ee728b)
Start importing Assets/CameraMover.cs using Guid(1ca89cfdc3cbb714081f72b3b3c386a0) Importer(815301076,1909f56bfc062723c751e8b465ee728b)  -> (artifact id: 'cf62a5e14ec188d879b8062c66bc27da') in 0.000937 seconds
  Import took 0.002865 seconds .

========================================================================
Received Prepare
Refreshing native plugins compatible for Editor in 0.60 ms, found 0 plugins.
Preloading 0 native plugins for Editor in 0.00 ms.
Unloading 3 Unused Serialized files (Serialized files now loaded: 0)
System memory in use before: 34.8 MB.
System memory in use after: 34.9 MB.

Unloading 3 unused Assets to reduce memory usage. Loaded Objects now: 1558.
Total: 1.740300 ms (FindLiveObjects: 0.156700 ms CreateObjectMapping: 0.044900 ms MarkObjects: 1.447900 ms  DeleteObjects: 0.089100 ms)

========================================================================
Received Prepare
Registering precompiled user dll's ...
Registered in 0.000350 seconds.
Begin MonoManager ReloadAssembly
Native extension for WindowsStandalone target not found
Refreshing native plugins compatible for Editor in 0.20 ms, found 0 plugins.
Preloading 0 native plugins for Editor in 0.00 ms.
Invoked RoslynAnalysisRunner static constructor.
RoslynAnalysisRunner will not be running.
RoslynAnalysisRunner has terminated.
Mono: successfully reloaded assembly
- Completed reload, in  0.709 seconds
Platform modules already initialized, skipping
Switching build target platform(5) subTarget(0) extendedPlatform(0) -> platform(13) subTarget(537395200) extendedPlatform(0)
Refreshing native plugins compatible for Editor in 0.20 ms, found 0 plugins.
Preloading 0 native plugins for Editor in 0.00 ms.
Unloading 1114 Unused Serialized files (Serialized files now loaded: 0)
System memory in use before: 56.9 MB.
System memory in use after: 57.0 MB.

Unloading 6 unused Assets to reduce memory usage. Loaded Objects now: 1560.
Total: 1.489000 ms (FindLiveObjects: 0.126300 ms CreateObjectMapping: 0.030300 ms MarkObjects: 1.286800 ms  DeleteObjects: 0.044600 ms)

AssetImportParameters requested are different than current active one (requested -> active):
  custom:graphics/normal-map-encoding: 01000000000000000000000000000000 -> 02000000000000000000000000000000
========================================================================
Received Prepare
Registering precompiled user dll's ...
Registered in 0.000392 seconds.
Begin MonoManager ReloadAssembly
Native extension for WindowsStandalone target not found
Refreshing native plugins compatible for Editor in 0.20 ms, found 0 plugins.
Preloading 0 native plugins for Editor in 0.00 ms.
Invoked RoslynAnalysisRunner static constructor.
RoslynAnalysisRunner will not be running.
RoslynAnalysisRunner has terminated.
Mono: successfully reloaded assembly
- Completed reload, in  0.706 seconds
Platform modules already initialized, skipping
Switching build target platform(5) subTarget(0) extendedPlatform(0) -> platform(13) subTarget(537395200) extendedPlatform(0)
Refreshing native plugins compatible for Editor in 0.20 ms, found 0 plugins.
Preloading 0 native plugins for Editor in 0.00 ms.
Unloading 1114 Unused Serialized files (Serialized files now loaded: 0)
System memory in use before: 57.0 MB.
System memory in use after: 57.0 MB.

Unloading 5 unused Assets to reduce memory usage. Loaded Objects now: 1563.
Total: 1.785100 ms (FindLiveObjects: 0.138300 ms CreateObjectMapping: 0.037100 ms MarkObjects: 1.559000 ms  DeleteObjects: 0.049800 ms)

AssetImportParameters requested are different than current active one (requested -> active):
  custom:graphics/normal-map-encoding: 01000000000000000000000000000000 -> 02000000000000000000000000000000
========================================================================
Received Import Request.
  Time since last request: 569.562521 seconds.
  path: Assets/SimpleCharacterController.cs
  artifactKey: Guid(67c523a4e7a25c94fbfe3f6df5690902) Importer(815301076,1909f56bfc062723c751e8b465ee728b)
Start importing Assets/SimpleCharacterController.cs using Guid(67c523a4e7a25c94fbfe3f6df5690902) Importer(815301076,1909f56bfc062723c751e8b465ee728b)  -> (artifact id: 'f6a1f02f7054ac8b12f78c410b7a6201') in 0.002972 seconds
  Import took 0.004714 seconds .

AssetImportWorkerClient::OnTransportError - code=2 error=End of file
